<?xml version="1.0" encoding="UTF-8"?>
<testsuite xmlns:xsi="http://www.w3.org/2001/XMLSchema-instance" xsi:noNamespaceSchemaLocation="https://maven.apache.org/surefire/maven-surefire-plugin/xsd/surefire-test-report.xsd" name="cucumber.Options.TestRunner" time="12.455" tests="30" errors="0" skipped="0" failures="0">
  <properties>
    <property name="java.specification.version" value="14"/>
    <property name="sun.cpu.isalist" value="amd64"/>
    <property name="sun.jnu.encoding" value="Cp1252"/>
    <property name="java.class.path" value="C:\Users\SweSat\eclipse-workspace\Postcode-Tests\target\test-classes;C:\Users\SweSat\eclipse-workspace\Postcode-Tests\target\classes;C:\Users\SweSat\.m2\repository\io\cucumber\cucumber-java\6.5.0\cucumber-java-6.5.0.jar;C:\Users\SweSat\.m2\repository\io\cucumber\cucumber-core\6.5.0\cucumber-core-6.5.0.jar;C:\Users\SweSat\.m2\repository\io\cucumber\cucumber-gherkin\6.5.0\cucumber-gherkin-6.5.0.jar;C:\Users\SweSat\.m2\repository\io\cucumber\cucumber-gherkin-messages\6.5.0\cucumber-gherkin-messages-6.5.0.jar;C:\Users\SweSat\.m2\repository\io\cucumber\messages\13.0.1\messages-13.0.1.jar;C:\Users\SweSat\.m2\repository\io\cucumber\tag-expressions\3.0.0\tag-expressions-3.0.0.jar;C:\Users\SweSat\.m2\repository\io\cucumber\cucumber-expressions\10.3.0\cucumber-expressions-10.3.0.jar;C:\Users\SweSat\.m2\repository\io\cucumber\datatable\3.4.0\datatable-3.4.0.jar;C:\Users\SweSat\.m2\repository\io\cucumber\cucumber-plugin\6.5.0\cucumber-plugin-6.5.0.jar;C:\Users\SweSat\.m2\repository\io\cucumber\docstring\6.5.0\docstring-6.5.0.jar;C:\Users\SweSat\.m2\repository\io\cucumber\html-formatter\9.0.0\html-formatter-9.0.0.jar;C:\Users\SweSat\.m2\repository\io\cucumber\create-meta\2.0.0\create-meta-2.0.0.jar;C:\Users\SweSat\.m2\repository\org\apiguardian\apiguardian-api\1.1.0\apiguardian-api-1.1.0.jar;C:\Users\SweSat\.m2\repository\io\cucumber\cucumber-junit\6.5.0\cucumber-junit-6.5.0.jar;C:\Users\SweSat\.m2\repository\com\fasterxml\jackson\core\jackson-databind\2.11.2\jackson-databind-2.11.2.jar;C:\Users\SweSat\.m2\repository\com\fasterxml\jackson\core\jackson-annotations\2.11.2\jackson-annotations-2.11.2.jar;C:\Users\SweSat\.m2\repository\com\fasterxml\jackson\core\jackson-core\2.11.2\jackson-core-2.11.2.jar;C:\Users\SweSat\.m2\repository\org\apache\httpcomponents\httpclient\4.5.12\httpclient-4.5.12.jar;C:\Users\SweSat\.m2\repository\org\apache\httpcomponents\httpcore\4.4.13\httpcore-4.4.13.jar;C:\Users\SweSat\.m2\repository\commons-logging\commons-logging\1.2\commons-logging-1.2.jar;C:\Users\SweSat\.m2\repository\commons-codec\commons-codec\1.11\commons-codec-1.11.jar;C:\Users\SweSat\.m2\repository\junit\junit\4.11\junit-4.11.jar;C:\Users\SweSat\.m2\repository\org\hamcrest\hamcrest-core\1.3\hamcrest-core-1.3.jar;"/>
    <property name="java.vm.vendor" value="Oracle Corporation"/>
    <property name="sun.arch.data.model" value="64"/>
    <property name="user.variant" value=""/>
    <property name="java.vendor.url" value="https://java.oracle.com/"/>
    <property name="user.timezone" value="Europe/London"/>
    <property name="os.name" value="Windows 10"/>
    <property name="java.vm.specification.version" value="14"/>
    <property name="sun.java.launcher" value="SUN_STANDARD"/>
    <property name="user.country" value="US"/>
    <property name="sun.boot.library.path" value="C:\Program Files\Java\jdk-14.0.2\bin"/>
    <property name="sun.java.command" value="C:\Users\SweSat\AppData\Local\Temp\surefire8735191828628658277\surefirebooter17361394245214566002.jar C:\Users\SweSat\AppData\Local\Temp\surefire8735191828628658277 2020-08-24T00-38-31_921-jvmRun1 surefire2316992925364479783tmp surefire_011025381890235065772tmp"/>
    <property name="jdk.debug" value="release"/>
    <property name="surefire.test.class.path" value="C:\Users\SweSat\eclipse-workspace\Postcode-Tests\target\test-classes;C:\Users\SweSat\eclipse-workspace\Postcode-Tests\target\classes;C:\Users\SweSat\.m2\repository\io\cucumber\cucumber-java\6.5.0\cucumber-java-6.5.0.jar;C:\Users\SweSat\.m2\repository\io\cucumber\cucumber-core\6.5.0\cucumber-core-6.5.0.jar;C:\Users\SweSat\.m2\repository\io\cucumber\cucumber-gherkin\6.5.0\cucumber-gherkin-6.5.0.jar;C:\Users\SweSat\.m2\repository\io\cucumber\cucumber-gherkin-messages\6.5.0\cucumber-gherkin-messages-6.5.0.jar;C:\Users\SweSat\.m2\repository\io\cucumber\messages\13.0.1\messages-13.0.1.jar;C:\Users\SweSat\.m2\repository\io\cucumber\tag-expressions\3.0.0\tag-expressions-3.0.0.jar;C:\Users\SweSat\.m2\repository\io\cucumber\cucumber-expressions\10.3.0\cucumber-expressions-10.3.0.jar;C:\Users\SweSat\.m2\repository\io\cucumber\datatable\3.4.0\datatable-3.4.0.jar;C:\Users\SweSat\.m2\repository\io\cucumber\cucumber-plugin\6.5.0\cucumber-plugin-6.5.0.jar;C:\Users\SweSat\.m2\repository\io\cucumber\docstring\6.5.0\docstring-6.5.0.jar;C:\Users\SweSat\.m2\repository\io\cucumber\html-formatter\9.0.0\html-formatter-9.0.0.jar;C:\Users\SweSat\.m2\repository\io\cucumber\create-meta\2.0.0\create-meta-2.0.0.jar;C:\Users\SweSat\.m2\repository\org\apiguardian\apiguardian-api\1.1.0\apiguardian-api-1.1.0.jar;C:\Users\SweSat\.m2\repository\io\cucumber\cucumber-junit\6.5.0\cucumber-junit-6.5.0.jar;C:\Users\SweSat\.m2\repository\com\fasterxml\jackson\core\jackson-databind\2.11.2\jackson-databind-2.11.2.jar;C:\Users\SweSat\.m2\repository\com\fasterxml\jackson\core\jackson-annotations\2.11.2\jackson-annotations-2.11.2.jar;C:\Users\SweSat\.m2\repository\com\fasterxml\jackson\core\jackson-core\2.11.2\jackson-core-2.11.2.jar;C:\Users\SweSat\.m2\repository\org\apache\httpcomponents\httpclient\4.5.12\httpclient-4.5.12.jar;C:\Users\SweSat\.m2\repository\org\apache\httpcomponents\httpcore\4.4.13\httpcore-4.4.13.jar;C:\Users\SweSat\.m2\repository\commons-logging\commons-logging\1.2\commons-logging-1.2.jar;C:\Users\SweSat\.m2\repository\commons-codec\commons-codec\1.11\commons-codec-1.11.jar;C:\Users\SweSat\.m2\repository\junit\junit\4.11\junit-4.11.jar;C:\Users\SweSat\.m2\repository\org\hamcrest\hamcrest-core\1.3\hamcrest-core-1.3.jar;"/>
    <property name="sun.cpu.endian" value="little"/>
    <property name="user.home" value="C:\Users\SweSat"/>
    <property name="user.language" value="en"/>
    <property name="java.specification.vendor" value="Oracle Corporation"/>
    <property name="java.version.date" value="2020-07-14"/>
    <property name="java.home" value="C:\Program Files\Java\jdk-14.0.2"/>
    <property name="file.separator" value="\"/>
    <property name="basedir" value="C:\Users\SweSat\eclipse-workspace\Postcode-Tests"/>
    <property name="java.vm.compressedOopsMode" value="32-bit"/>
    <property name="line.separator" value="&#10;"/>
    <property name="java.vm.specification.vendor" value="Oracle Corporation"/>
    <property name="java.specification.name" value="Java Platform API Specification"/>
    <property name="surefire.real.class.path" value="C:\Users\SweSat\AppData\Local\Temp\surefire8735191828628658277\surefirebooter17361394245214566002.jar"/>
    <property name="user.script" value=""/>
    <property name="sun.management.compiler" value="HotSpot 64-Bit Tiered Compilers"/>
    <property name="java.runtime.version" value="14.0.2+12-46"/>
    <property name="user.name" value="SweSat"/>
    <property name="path.separator" value=";"/>
    <property name="os.version" value="10.0"/>
    <property name="java.runtime.name" value="Java(TM) SE Runtime Environment"/>
    <property name="file.encoding" value="Cp1252"/>
    <property name="java.vm.name" value="Java HotSpot(TM) 64-Bit Server VM"/>
    <property name="localRepository" value="C:\Users\SweSat\.m2\repository"/>
    <property name="java.vendor.url.bug" value="https://bugreport.java.com/bugreport/"/>
    <property name="java.io.tmpdir" value="C:\Users\SweSat\AppData\Local\Temp\"/>
    <property name="java.version" value="14.0.2"/>
    <property name="user.dir" value="C:\Users\SweSat\eclipse-workspace\Postcode-Tests"/>
    <property name="os.arch" value="amd64"/>
    <property name="java.vm.specification.name" value="Java Virtual Machine Specification"/>
    <property name="sun.os.patch.level" value=""/>
    <property name="java.library.path" value="C:\Program Files\Java\jdk-14.0.2\bin;C:\Windows\Sun\Java\bin;C:\Windows\system32;C:\Windows;C:\Program Files\Microsoft MPI\Bin\;C:\Windows\system32;C:\Windows;C:\Windows\System32\Wbem;C:\Windows\System32\WindowsPowerShell\v1.0\;C:\Windows\System32\OpenSSH\;C:\Program Files\dotnet\;C:\Program Files\Microsoft SQL Server\130\Tools\Binn\;C:\Program Files (x86)\Microsoft SQL Server\140\Tools\Binn\;C:\Program Files\Microsoft SQL Server\140\Tools\Binn\;C:\Program Files (x86)\Microsoft SQL Server\140\DTS\Binn\;C:\Program Files\Microsoft SQL Server\140\DTS\Binn\;C:\Program Files\Microsoft SQL Server\Client SDK\ODBC\130\Tools\Binn\;C:\Program Files\Java\jdk-14.0.2\bin;C:\Program Files\Maven\apache-maven-3.6.3\bin;C:\Users\SweSat\AppData\Local\Microsoft\WindowsApps;;."/>
    <property name="java.vm.info" value="mixed mode, sharing"/>
    <property name="java.vendor" value="Oracle Corporation"/>
    <property name="java.vm.version" value="14.0.2+12-46"/>
    <property name="sun.io.unicode.encoding" value="UnicodeLittle"/>
    <property name="java.class.version" value="58.0"/>
  </properties>
  <testcase name="Validate Get API values by passing Postcode as path parameter #1" classname="Get API Method call using Postcode as a path parameter" time="4.818"/>
  <testcase name="Validate Get API values by passing Postcode as path parameter #2" classname="Get API Method call using Postcode as a path parameter" time="0.383"/>
  <testcase name="Validate result section values from Get API values by using Postcode as path parameter #1" classname="Get API Method call using Postcode as a path parameter" time="0.235"/>
  <testcase name="Validate result section values from Get API values by using Postcode as path parameter #2" classname="Get API Method call using Postcode as a path parameter" time="0.28"/>
  <testcase name="Validate codes section values from Get API values by using Postcode as path parameter #1" classname="Get API Method call using Postcode as a path parameter" time="0.241"/>
  <testcase name="Validate codes section values from Get API values by using Postcode as path parameter #2" classname="Get API Method call using Postcode as a path parameter" time="0.25"/>
  <testcase name="Validate error codes from Get API by passing Postcode as path parameter #1" classname="Get API Method call using Postcode as a path parameter" time="0.165"/>
  <testcase name="Validate error codes from Get API by passing Postcode as path parameter #2" classname="Get API Method call using Postcode as a path parameter" time="0.197"/>
  <testcase name="Validate error codes from Get API method by passing Invalid Resource" classname="Get API Method call using Postcode as a path parameter" time="0.188"/>
  <testcase name="Validate Get API values by using Postcode as Query parameter #1" classname="Get Method API call using Postcode as a optional Query parameter" time="0.235"/>
  <testcase name="Validate Get API values by using Postcode as Query parameter #2" classname="Get Method API call using Postcode as a optional Query parameter" time="0.204"/>
  <testcase name="Validate result section values from Get API values by passing Postcode as Query parameter #1" classname="Get Method API call using Postcode as a optional Query parameter" time="0.273"/>
  <testcase name="Validate result section values from Get API values by passing Postcode as Query parameter #2" classname="Get Method API call using Postcode as a optional Query parameter" time="0.203"/>
  <testcase name="Validate codes section values from Get API values by passing Postcode as Query parameter #1" classname="Get Method API call using Postcode as a optional Query parameter" time="0.187"/>
  <testcase name="Validate codes section values from Get API values by passing Postcode as Query parameter #2" classname="Get Method API call using Postcode as a optional Query parameter" time="0.213"/>
  <testcase name="Validate Get API values by using partial Postcode as Query parameter" classname="Get Method API call using Postcode as a optional Query parameter" time="0.216"/>
  <testcase name="Validate Get API values of result section by using partial Postcode as Query parameter" classname="Get Method API call using Postcode as a optional Query parameter" time="0.269"/>
  <testcase name="Validate Get API values of codes section by using partial Postcode as Query parameter" classname="Get Method API call using Postcode as a optional Query parameter" time="0.283"/>
  <testcase name="Validate error codes from Get API method by passing Invalid/Empty Postcode as Query parameter #1" classname="Get Method API call using Postcode as a optional Query parameter" time="0.288"/>
  <testcase name="Validate error codes from Get API method by passing Invalid/Empty Postcode as Query parameter #2" classname="Get Method API call using Postcode as a optional Query parameter" time="0.311"/>
  <testcase name="Validate error codes from Get API method by passing Invalid Resource" classname="Get Method API call using Postcode as a optional Query parameter" time="0.163"/>
  <testcase name="Validate Post API values by passing single/multiple Postcodes as payload #1" classname="POST API call by passing multiple Postcodes as a payload" time="0.375"/>
  <testcase name="Validate Post API values by passing single/multiple Postcodes as payload #2" classname="POST API call by passing multiple Postcodes as a payload" time="0.214"/>
  <testcase name="Validate Post API result section values by passing single/multiple Postcodes as payload #1" classname="POST API call by passing multiple Postcodes as a payload" time="0.204"/>
  <testcase name="Validate Post API result section values by passing single/multiple Postcodes as payload #2" classname="POST API call by passing multiple Postcodes as a payload" time="0.11"/>
  <testcase name="Validate Post API codes section values by passing single/multiple Postcodes as payload #1" classname="POST API call by passing multiple Postcodes as a payload" time="0.256"/>
  <testcase name="Validate Post API codes section values by passing single/multiple Postcodes as payload #2" classname="POST API call by passing multiple Postcodes as a payload" time="0.205"/>
  <testcase name="Validate Error codes through POST API method #1" classname="POST API call by passing multiple Postcodes as a payload" time="0.107"/>
  <testcase name="Validate Error codes through POST API method #2" classname="POST API call by passing multiple Postcodes as a payload" time="0.191"/>
  <testcase name="Validate Error codes through POST API method #3" classname="POST API call by passing multiple Postcodes as a payload" time="0.194"/>
</testsuite>